{"name": "test_assert_negative_case", "status": "failed", "statusDetails": {"message": "AssertionError: assert (2 + 2) == 5", "trace": "def test_assert_negative_case():  # Новый тест, которые проверяет негативный кейс\n>       assert (2 + 2) == 5  # Тут должна быть ошибка\n        ^^^^^^^^^^^^^^^^^^^\nE       assert (2 + 2) == 5\n\ntests\\pytest\\test_pytest.py:10: AssertionError"}, "start": 1763407635324, "stop": 1763407635324, "uuid": "6f4e2bff-cfce-46f8-b172-1ec9937d4dcc", "historyId": "031452ebcbddc980787dc8d54ce8e274", "testCaseId": "031452ebcbddc980787dc8d54ce8e274", "fullName": "tests.pytest.test_pytest#test_assert_negative_case", "labels": [{"name": "parentSuite", "value": "tests.pytest"}, {"name": "suite", "value": "test_pytest"}, {"name": "host", "value": "Revision-PC"}, {"name": "thread", "value": "13204-MainThread"}, {"name": "framework", "value": "pytest"}, {"name": "language", "value": "cpython3"}, {"name": "package", "value": "tests.pytest.test_pytest"}], "titlePath": ["tests", "pytest", "test_pytest.py"]}