{"name": "test_reruns", "status": "failed", "statusDetails": {"message": "AssertionError: assert False\n +  where False = choice([True, False])\n +    where choice = random.choice", "trace": "@pytest.mark.flaky(reruns=3, reruns_delay=2)  # Перезапуски реализуеются на уровне маркировки flaky\n    def test_reruns():\n>       assert random.choice([True, False])\nE       assert False\nE        +  where False = choice([True, False])\nE        +    where choice = random.choice\n\ntests\\pytest\\test_reruns.py:10: AssertionError"}, "start": 1763407637342, "stop": 1763407637342, "uuid": "e4c36935-447e-471a-adad-9a24e958fdc1", "historyId": "8a26534d2d9e195af15b0cb6e3498ee0", "testCaseId": "8a26534d2d9e195af15b0cb6e3498ee0", "fullName": "tests.pytest.test_reruns#test_reruns", "labels": [{"name": "parentSuite", "value": "tests.pytest"}, {"name": "suite", "value": "test_reruns"}, {"name": "host", "value": "Revision-PC"}, {"name": "thread", "value": "13204-MainThread"}, {"name": "framework", "value": "pytest"}, {"name": "language", "value": "cpython3"}, {"name": "package", "value": "tests.pytest.test_reruns"}], "titlePath": ["tests", "pytest", "test_reruns.py"]}