{"name": "test_with_bug", "status": "skipped", "statusDetails": {"message": "XFAIL Найден баг в приложении, из-за которого тест падает с ошибкой\n\nAssertionError: assert 1 == 2", "trace": "@pytest.mark.xfail(reason='Найден баг в приложении, из-за которого тест падает с ошибкой')\n    def test_with_bug():\n>       assert 1 == 2\nE       assert 1 == 2\n\ntests\\pytest\\test_pytest_xfail.py:6: AssertionError"}, "start": 1763407635331, "stop": 1763407635331, "uuid": "94c7055c-eb61-4279-8a85-c2fb96f1f388", "historyId": "fb30392daae1117f9ea61a430455c804", "testCaseId": "fb30392daae1117f9ea61a430455c804", "fullName": "tests.pytest.test_pytest_xfail#test_with_bug", "labels": [{"name": "parentSuite", "value": "tests.pytest"}, {"name": "suite", "value": "test_pytest_xfail"}, {"name": "host", "value": "Revision-PC"}, {"name": "thread", "value": "13204-MainThread"}, {"name": "framework", "value": "pytest"}, {"name": "language", "value": "cpython3"}, {"name": "package", "value": "tests.pytest.test_pytest_xfail"}], "titlePath": ["tests", "pytest", "test_pytest_xfail.py"]}